# JRE version: OpenJDK Runtime Environment (Red_Hat-17.0.13.0.11-1) (17.0.13+11) (build 17.0.13+11)
# Java VM: OpenJDK 64-Bit Server VM (Red_Hat-17.0.13.0.11-1) (17.0.13+11, mixed mode, sharing, tiered, compressed oops, compressed class ptrs, g1 gc, linux-amd64)
GC Precious Log:
 CPUs: 4 total, 4 available
 Memory: 7666M
 Large Page Support: Disabled
 NUMA Support: Disabled
 Compressed Oops: Enabled (32-bit)
 Heap Region Size: 1M
 Heap Min Capacity: 8M
 Heap Initial Capacity: 120M
 Heap Max Capacity: 1918M
 Pre-touch: Disabled
 Parallel Workers: 4
 Concurrent Workers: 1
 Concurrent Refinement Workers: 4
 Periodic GC: Disabled
Heap:
 garbage-first heap   total 207872K, used 82686K [0x0000000088200000, 0x0000000100000000)
  region size 1024K, 18 young (18432K), 5 survivors (5120K)
 Metaspace       used 45179K, committed 45760K, reserved 1114112K
  class space    used 5226K, committed 5504K, reserved 1048576K
GC Heap History (20 events):
Event: 272.014 GC heap before
{Heap before GC invocations=39 (full 0):
 garbage-first heap   total 155648K, used 66539K [0x0000000088200000, 0x0000000100000000)
  region size 1024K, 3 young (3072K), 2 survivors (2048K)
 Metaspace       used 40259K, committed 40704K, reserved 1114112K
  class space    used 4713K, committed 4928K, reserved 1048576K
}
Event: 272.018 GC heap after
{Heap after GC invocations=40 (full 0):
 garbage-first heap   total 155648K, used 35821K [0x0000000088200000, 0x0000000100000000)
  region size 1024K, 2 young (2048K), 2 survivors (2048K)
 Metaspace       used 40259K, committed 40704K, reserved 1114112K
  class space    used 4713K, committed 4928K, reserved 1048576K
}
Event: 272.625 GC heap before
{Heap before GC invocations=40 (full 0):
 garbage-first heap   total 155648K, used 66541K [0x0000000088200000, 0x0000000100000000)
  region size 1024K, 4 young (4096K), 2 survivors (2048K)
 Metaspace       used 40333K, committed 40832K, reserved 1114112K
  class space    used 4713K, committed 4928K, reserved 1048576K
}
Event: 272.629 GC heap after
{Heap after GC invocations=41 (full 0):
 garbage-first heap   total 155648K, used 61617K [0x0000000088200000, 0x0000000100000000)
  region size 1024K, 2 young (2048K), 2 survivors (2048K)
 Metaspace       used 40333K, committed 40832K, reserved 1114112K
  class space    used 4713K, committed 4928K, reserved 1048576K
}
Event: 272.744 GC heap before
{Heap before GC invocations=41 (full 0):
 garbage-first heap   total 155648K, used 67761K [0x0000000088200000, 0x0000000100000000)
  region size 1024K, 4 young (4096K), 2 survivors (2048K)
 Metaspace       used 40338K, committed 40832K, reserved 1114112K
  class space    used 4713K, committed 4928K, reserved 1048576K
}
Event: 272.747 GC heap after
{Heap after GC invocations=42 (full 0):
 garbage-first heap   total 155648K, used 35972K [0x0000000088200000, 0x0000000100000000)
  region size 1024K, 1 young (1024K), 1 survivors (1024K)
 Metaspace       used 40338K, committed 40832K, reserved 1114112K
  class space    used 4713K, committed 4928K, reserved 1048576K
}
Event: 384.235 GC heap before
{Heap before GC invocations=42 (full 0):
 garbage-first heap   total 155648K, used 132228K [0x0000000088200000, 0x0000000100000000)
  region size 1024K, 91 young (93184K), 1 survivors (1024K)
 Metaspace       used 43046K, committed 43520K, reserved 1114112K
  class space    used 5085K, committed 5312K, reserved 1048576K
}
Event: 384.238 GC heap after
{Heap after GC invocations=43 (full 0):
 garbage-first heap   total 155648K, used 36870K [0x0000000088200000, 0x0000000100000000)
  region size 1024K, 2 young (2048K), 2 survivors (2048K)
 Metaspace       used 43046K, committed 43520K, reserved 1114112K
  class space    used 5085K, committed 5312K, reserved 1048576K
}
Event: 450.436 GC heap before
{Heap before GC invocations=43 (full 0):
 garbage-first heap   total 155648K, used 137222K [0x0000000088200000, 0x0000000100000000)
  region size 1024K, 91 young (93184K), 2 survivors (2048K)
 Metaspace       used 44243K, committed 44736K, reserved 1114112K
  class space    used 5163K, committed 5376K, reserved 1048576K
}
Event: 450.441 GC heap after
{Heap after GC invocations=44 (full 0):
 garbage-first heap   total 155648K, used 36170K [0x0000000088200000, 0x0000000100000000)
  region size 1024K, 6 young (6144K), 6 survivors (6144K)
 Metaspace       used 44243K, committed 44736K, reserved 1114112K
  class space    used 5163K, committed 5376K, reserved 1048576K
}
Event: 450.870 GC heap before
{Heap before GC invocations=44 (full 0):
 garbage-first heap   total 155648K, used 82250K [0x0000000088200000, 0x0000000100000000)
  region size 1024K, 19 young (19456K), 6 survivors (6144K)
 Metaspace       used 44458K, committed 44928K, reserved 1114112K
  class space    used 5185K, committed 5376K, reserved 1048576K
}
Event: 450.877 GC heap after
{Heap after GC invocations=45 (full 0):
 garbage-first heap   total 155648K, used 49701K [0x0000000088200000, 0x0000000100000000)
  region size 1024K, 8 young (8192K), 8 survivors (8192K)
 Metaspace       used 44458K, committed 44928K, reserved 1114112K
  class space    used 5185K, committed 5376K, reserved 1048576K
}
Event: 450.950 GC heap before
{Heap before GC invocations=45 (full 0):
 garbage-first heap   total 155648K, used 77349K [0x0000000088200000, 0x0000000100000000)
  region size 1024K, 10 young (10240K), 8 survivors (8192K)
 Metaspace       used 44462K, committed 44928K, reserved 1114112K
  class space    used 5186K, committed 5376K, reserved 1048576K
}
Event: 450.954 GC heap after
{Heap after GC invocations=46 (full 0):
 garbage-first heap   total 207872K, used 49894K [0x0000000088200000, 0x0000000100000000)
  region size 1024K, 3 young (3072K), 3 survivors (3072K)
 Metaspace       used 44462K, committed 44928K, reserved 1114112K
  class space    used 5186K, committed 5376K, reserved 1048576K
}
Event: 451.115 GC heap before
{Heap before GC invocations=46 (full 0):
 garbage-first heap   total 207872K, used 88806K [0x0000000088200000, 0x0000000100000000)
  region size 1024K, 9 young (9216K), 3 survivors (3072K)
 Metaspace       used 44475K, committed 44928K, reserved 1114112K
  class space    used 5186K, committed 5376K, reserved 1048576K
}
Event: 451.120 GC heap after
{Heap after GC invocations=47 (full 0):
 garbage-first heap   total 207872K, used 56383K [0x0000000088200000, 0x0000000100000000)
  region size 1024K, 6 young (6144K), 6 survivors (6144K)
 Metaspace       used 44475K, committed 44928K, reserved 1114112K
  class space    used 5186K, committed 5376K, reserved 1048576K
}
Event: 452.124 GC heap before
{Heap before GC invocations=47 (full 0):
 garbage-first heap   total 207872K, used 105535K [0x0000000088200000, 0x0000000100000000)
  region size 1024K, 27 young (27648K), 6 survivors (6144K)
 Metaspace       used 44569K, committed 44992K, reserved 1114112K
  class space    used 5186K, committed 5376K, reserved 1048576K
}
Event: 452.129 GC heap after
{Heap after GC invocations=48 (full 0):
 garbage-first heap   total 207872K, used 58027K [0x0000000088200000, 0x0000000100000000)
  region size 1024K, 5 young (5120K), 5 survivors (5120K)
 Metaspace       used 44569K, committed 44992K, reserved 1114112K
  class space    used 5186K, committed 5376K, reserved 1048576K
}
Event: 452.682 GC heap before
{Heap before GC invocations=48 (full 0):
 garbage-first heap   total 207872K, used 92843K [0x0000000088200000, 0x0000000100000000)
  region size 1024K, 11 young (11264K), 5 survivors (5120K)
 Metaspace       used 44588K, committed 45056K, reserved 1114112K
  class space    used 5186K, committed 5376K, reserved 1048576K
}
Event: 452.685 GC heap after
{Heap after GC invocations=49 (full 0):
 garbage-first heap   total 207872K, used 57086K [0x0000000088200000, 0x0000000100000000)
  region size 1024K, 5 young (5120K), 5 survivors (5120K)
 Metaspace       used 44588K, committed 45056K, reserved 1114112K
  class space    used 5186K, committed 5376K, reserved 1048576K
}

